Determining if the pthread_create exist failed with the following output:
Change Dir: /home/gengshuai/Desktop/graduate/test/new/Voxel-Hashing-SDF/Example/CMakeFiles/CMakeTmp

Run Build Command:"/usr/bin/make" "cmTC_6a63f/fast"
/usr/bin/make -f CMakeFiles/cmTC_6a63f.dir/build.make CMakeFiles/cmTC_6a63f.dir/build
make[1]: Entering directory '/home/gengshuai/Desktop/graduate/test/new/Voxel-Hashing-SDF/Example/CMakeFiles/CMakeTmp'
Building C object CMakeFiles/cmTC_6a63f.dir/CheckSymbolExists.c.o
/usr/bin/cc    -fPIC    -o CMakeFiles/cmTC_6a63f.dir/CheckSymbolExists.c.o   -c /home/gengshuai/Desktop/graduate/test/new/Voxel-Hashing-SDF/Example/CMakeFiles/CMakeTmp/CheckSymbolExists.c
Linking C executable cmTC_6a63f
/usr/bin/cmake -E cmake_link_script CMakeFiles/cmTC_6a63f.dir/link.txt --verbose=1
/usr/bin/cc  -fPIC     CMakeFiles/cmTC_6a63f.dir/CheckSymbolExists.c.o  -o cmTC_6a63f -rdynamic 
CMakeFiles/cmTC_6a63f.dir/CheckSymbolExists.c.o: In function `main':
CheckSymbolExists.c:(.text+0x1b): undefined reference to `pthread_create'
collect2: error: ld returned 1 exit status
CMakeFiles/cmTC_6a63f.dir/build.make:97: recipe for target 'cmTC_6a63f' failed
make[1]: *** [cmTC_6a63f] Error 1
make[1]: Leaving directory '/home/gengshuai/Desktop/graduate/test/new/Voxel-Hashing-SDF/Example/CMakeFiles/CMakeTmp'
Makefile:126: recipe for target 'cmTC_6a63f/fast' failed
make: *** [cmTC_6a63f/fast] Error 2

File /home/gengshuai/Desktop/graduate/test/new/Voxel-Hashing-SDF/Example/CMakeFiles/CMakeTmp/CheckSymbolExists.c:
/* */
#include <pthread.h>

int main(int argc, char** argv)
{
  (void)argv;
#ifndef pthread_create
  return ((int*)(&pthread_create))[argc];
#else
  (void)argc;
  return 0;
#endif
}

Determining if the function pthread_create exists in the pthreads failed with the following output:
Change Dir: /home/gengshuai/Desktop/graduate/test/new/Voxel-Hashing-SDF/Example/CMakeFiles/CMakeTmp

Run Build Command:"/usr/bin/make" "cmTC_e3da2/fast"
/usr/bin/make -f CMakeFiles/cmTC_e3da2.dir/build.make CMakeFiles/cmTC_e3da2.dir/build
make[1]: Entering directory '/home/gengshuai/Desktop/graduate/test/new/Voxel-Hashing-SDF/Example/CMakeFiles/CMakeTmp'
Building C object CMakeFiles/cmTC_e3da2.dir/CheckFunctionExists.c.o
/usr/bin/cc    -fPIC -DCHECK_FUNCTION_EXISTS=pthread_create   -o CMakeFiles/cmTC_e3da2.dir/CheckFunctionExists.c.o   -c /usr/share/cmake-3.5/Modules/CheckFunctionExists.c
Linking C executable cmTC_e3da2
/usr/bin/cmake -E cmake_link_script CMakeFiles/cmTC_e3da2.dir/link.txt --verbose=1
/usr/bin/cc  -fPIC -DCHECK_FUNCTION_EXISTS=pthread_create    CMakeFiles/cmTC_e3da2.dir/CheckFunctionExists.c.o  -o cmTC_e3da2 -rdynamic -lpthreads 
/usr/bin/ld: cannot find -lpthreads
collect2: error: ld returned 1 exit status
CMakeFiles/cmTC_e3da2.dir/build.make:97: recipe for target 'cmTC_e3da2' failed
make[1]: *** [cmTC_e3da2] Error 1
make[1]: Leaving directory '/home/gengshuai/Desktop/graduate/test/new/Voxel-Hashing-SDF/Example/CMakeFiles/CMakeTmp'
Makefile:126: recipe for target 'cmTC_e3da2/fast' failed
make: *** [cmTC_e3da2/fast] Error 2


Performing C SOURCE FILE Test CMAKE_HAVE_LIBC_PTHREAD failed with the following output:
Change Dir: /home/gengshuai/Desktop/graduate/test/new/Voxel-Hashing-SDF/Example/CMakeFiles/CMakeTmp

Run Build Command(s):/usr/bin/make cmTC_305c0/fast && /usr/bin/make -f CMakeFiles/cmTC_305c0.dir/build.make CMakeFiles/cmTC_305c0.dir/build
make[1]: Entering directory '/home/gengshuai/Desktop/graduate/test/new/Voxel-Hashing-SDF/Example/CMakeFiles/CMakeTmp'
Building C object CMakeFiles/cmTC_305c0.dir/src.c.o
/usr/bin/cc   -fPIC -DCMAKE_HAVE_LIBC_PTHREAD   -o CMakeFiles/cmTC_305c0.dir/src.c.o   -c /home/gengshuai/Desktop/graduate/test/new/Voxel-Hashing-SDF/Example/CMakeFiles/CMakeTmp/src.c
Linking C executable cmTC_305c0
/usr/local/bin/cmake -E cmake_link_script CMakeFiles/cmTC_305c0.dir/link.txt --verbose=1
/usr/bin/cc -fPIC -DCMAKE_HAVE_LIBC_PTHREAD    -rdynamic CMakeFiles/cmTC_305c0.dir/src.c.o  -o cmTC_305c0 
CMakeFiles/cmTC_305c0.dir/src.c.o: In function `main':
src.c:(.text+0x3e): undefined reference to `pthread_create'
src.c:(.text+0x4a): undefined reference to `pthread_detach'
src.c:(.text+0x5b): undefined reference to `pthread_join'
src.c:(.text+0x6f): undefined reference to `pthread_atfork'
collect2: error: ld returned 1 exit status
CMakeFiles/cmTC_305c0.dir/build.make:86: recipe for target 'cmTC_305c0' failed
make[1]: *** [cmTC_305c0] Error 1
make[1]: Leaving directory '/home/gengshuai/Desktop/graduate/test/new/Voxel-Hashing-SDF/Example/CMakeFiles/CMakeTmp'
Makefile:121: recipe for target 'cmTC_305c0/fast' failed
make: *** [cmTC_305c0/fast] Error 2


Source file was:
#include <pthread.h>

void* test_func(void* data)
{
  return data;
}

int main(void)
{
  pthread_t thread;
  pthread_create(&thread, NULL, test_func, NULL);
  pthread_detach(thread);
  pthread_join(thread, NULL);
  pthread_atfork(NULL, NULL, NULL);
  pthread_exit(NULL);

  return 0;
}

