Determining if the pthread_create exist failed with the following output:
Change Dir: /home/gengshuai/Desktop/graduate/test/new/Voxel-Hashing-SDF/src/CMakeFiles/CMakeTmp

Run Build Command:"/usr/bin/make" "cmTC_b733e/fast"
/usr/bin/make -f CMakeFiles/cmTC_b733e.dir/build.make CMakeFiles/cmTC_b733e.dir/build
make[1]: Entering directory '/home/gengshuai/Desktop/graduate/test/new/Voxel-Hashing-SDF/src/CMakeFiles/CMakeTmp'
Building C object CMakeFiles/cmTC_b733e.dir/CheckSymbolExists.c.o
/usr/bin/cc    -fPIC    -o CMakeFiles/cmTC_b733e.dir/CheckSymbolExists.c.o   -c /home/gengshuai/Desktop/graduate/test/new/Voxel-Hashing-SDF/src/CMakeFiles/CMakeTmp/CheckSymbolExists.c
Linking C executable cmTC_b733e
/usr/bin/cmake -E cmake_link_script CMakeFiles/cmTC_b733e.dir/link.txt --verbose=1
/usr/bin/cc  -fPIC     CMakeFiles/cmTC_b733e.dir/CheckSymbolExists.c.o  -o cmTC_b733e -rdynamic 
CMakeFiles/cmTC_b733e.dir/CheckSymbolExists.c.o: In function `main':
CheckSymbolExists.c:(.text+0x1b): undefined reference to `pthread_create'
collect2: error: ld returned 1 exit status
CMakeFiles/cmTC_b733e.dir/build.make:97: recipe for target 'cmTC_b733e' failed
make[1]: *** [cmTC_b733e] Error 1
make[1]: Leaving directory '/home/gengshuai/Desktop/graduate/test/new/Voxel-Hashing-SDF/src/CMakeFiles/CMakeTmp'
Makefile:126: recipe for target 'cmTC_b733e/fast' failed
make: *** [cmTC_b733e/fast] Error 2

File /home/gengshuai/Desktop/graduate/test/new/Voxel-Hashing-SDF/src/CMakeFiles/CMakeTmp/CheckSymbolExists.c:
/* */
#include <pthread.h>

int main(int argc, char** argv)
{
  (void)argv;
#ifndef pthread_create
  return ((int*)(&pthread_create))[argc];
#else
  (void)argc;
  return 0;
#endif
}

Determining if the function pthread_create exists in the pthreads failed with the following output:
Change Dir: /home/gengshuai/Desktop/graduate/test/new/Voxel-Hashing-SDF/src/CMakeFiles/CMakeTmp

Run Build Command:"/usr/bin/make" "cmTC_851c7/fast"
/usr/bin/make -f CMakeFiles/cmTC_851c7.dir/build.make CMakeFiles/cmTC_851c7.dir/build
make[1]: Entering directory '/home/gengshuai/Desktop/graduate/test/new/Voxel-Hashing-SDF/src/CMakeFiles/CMakeTmp'
Building C object CMakeFiles/cmTC_851c7.dir/CheckFunctionExists.c.o
/usr/bin/cc    -fPIC -DCHECK_FUNCTION_EXISTS=pthread_create   -o CMakeFiles/cmTC_851c7.dir/CheckFunctionExists.c.o   -c /usr/share/cmake-3.5/Modules/CheckFunctionExists.c
Linking C executable cmTC_851c7
/usr/bin/cmake -E cmake_link_script CMakeFiles/cmTC_851c7.dir/link.txt --verbose=1
/usr/bin/cc  -fPIC -DCHECK_FUNCTION_EXISTS=pthread_create    CMakeFiles/cmTC_851c7.dir/CheckFunctionExists.c.o  -o cmTC_851c7 -rdynamic -lpthreads 
/usr/bin/ld: cannot find -lpthreads
collect2: error: ld returned 1 exit status
CMakeFiles/cmTC_851c7.dir/build.make:97: recipe for target 'cmTC_851c7' failed
make[1]: *** [cmTC_851c7] Error 1
make[1]: Leaving directory '/home/gengshuai/Desktop/graduate/test/new/Voxel-Hashing-SDF/src/CMakeFiles/CMakeTmp'
Makefile:126: recipe for target 'cmTC_851c7/fast' failed
make: *** [cmTC_851c7/fast] Error 2


